<?xml version="1.0" encoding="UTF-8"?>
<!-- Generated by org.testng.reporters.JUnitReportReporter -->
<testsuite hostname="MK56" failures="0" tests="1" name="TestCases.myInfoTestCases" time="62.720" errors="0" timestamp="2024-10-29T18:01:52 IST" skipped="0">
  <testcase classname="TestCases.myInfoTestCases" name="fillMyInfo" time="62.720"/>
  <system-out/>
</testsuite> <!-- TestCases.myInfoTestCases -->
