<?xml version="1.0" encoding="UTF-8"?>
<!-- Generated by org.testng.reporters.JUnitReportReporter -->
<testsuite hostname="MK56" failures="0" tests="1" name="TestCases.myInfoTestCase" time="72.418" errors="0" timestamp="2024-10-29T15:59:29 IST" skipped="0">
  <testcase classname="TestCases.myInfoTestCase" name="fillMyInfo" time="72.418"/>
  <system-out/>
</testsuite> <!-- TestCases.myInfoTestCase -->
