<?xml version="1.0" encoding="UTF-8"?>
<!-- Generated by org.testng.reporters.JUnitReportReporter -->
<testsuite hostname="MK56" failures="0" tests="2" name="TestCases.loginTestCases" time="41.807" errors="0" timestamp="2024-10-29T18:01:52 IST" skipped="0">
  <testcase classname="TestCases.loginTestCases" name="verifyInvalidLogin" time="18.592"/>
  <system-out/>
  <testcase classname="TestCases.loginTestCases" name="verifyValidLogin" time="23.215"/>
  <system-out/>
</testsuite> <!-- TestCases.loginTestCases -->
